10-Apr-2021 16:43:51.008 INFO [main] org.apache.catalina.startup.VersionLoggerListener.log Server version name:   Apache Tomcat/10.0.5
10-Apr-2021 16:43:51.019 INFO [main] org.apache.catalina.startup.VersionLoggerListener.log Server built:          Mar 30 2021 08:19:50 UTC
10-Apr-2021 16:43:51.019 INFO [main] org.apache.catalina.startup.VersionLoggerListener.log Server version number: 10.0.5.0
10-Apr-2021 16:43:51.019 INFO [main] org.apache.catalina.startup.VersionLoggerListener.log OS Name:               Mac OS X
10-Apr-2021 16:43:51.019 INFO [main] org.apache.catalina.startup.VersionLoggerListener.log OS Version:            10.15.7
10-Apr-2021 16:43:51.020 INFO [main] org.apache.catalina.startup.VersionLoggerListener.log Architecture:          x86_64
10-Apr-2021 16:43:51.020 INFO [main] org.apache.catalina.startup.VersionLoggerListener.log Java Home:             /Library/Java/JavaVirtualMachines/openlogic-openjdk-8.jdk/Contents/Home/jre
10-Apr-2021 16:43:51.021 INFO [main] org.apache.catalina.startup.VersionLoggerListener.log JVM Version:           1.8.0_282-internal-b08
10-Apr-2021 16:43:51.021 INFO [main] org.apache.catalina.startup.VersionLoggerListener.log JVM Vendor:            OpenLogic-OpenJDK
10-Apr-2021 16:43:51.021 INFO [main] org.apache.catalina.startup.VersionLoggerListener.log CATALINA_BASE:         /Users/manojpolu/Desktop/myrepo/apache-tomcat-10.0.5
10-Apr-2021 16:43:51.022 INFO [main] org.apache.catalina.startup.VersionLoggerListener.log CATALINA_HOME:         /Users/manojpolu/Desktop/myrepo/apache-tomcat-10.0.5
10-Apr-2021 16:43:51.036 INFO [main] org.apache.catalina.startup.VersionLoggerListener.log Command line argument: -Djava.util.logging.config.file=/Users/manojpolu/Desktop/myrepo/apache-tomcat-10.0.5/conf/logging.properties
10-Apr-2021 16:43:51.037 INFO [main] org.apache.catalina.startup.VersionLoggerListener.log Command line argument: -Djava.util.logging.manager=org.apache.juli.ClassLoaderLogManager
10-Apr-2021 16:43:51.037 INFO [main] org.apache.catalina.startup.VersionLoggerListener.log Command line argument: -Djdk.tls.ephemeralDHKeySize=2048
10-Apr-2021 16:43:51.037 INFO [main] org.apache.catalina.startup.VersionLoggerListener.log Command line argument: -Djava.protocol.handler.pkgs=org.apache.catalina.webresources
10-Apr-2021 16:43:51.037 INFO [main] org.apache.catalina.startup.VersionLoggerListener.log Command line argument: -Dorg.apache.catalina.security.SecurityListener.UMASK=0027
10-Apr-2021 16:43:51.038 INFO [main] org.apache.catalina.startup.VersionLoggerListener.log Command line argument: -Dignore.endorsed.dirs=
10-Apr-2021 16:43:51.038 INFO [main] org.apache.catalina.startup.VersionLoggerListener.log Command line argument: -Dcatalina.base=/Users/manojpolu/Desktop/myrepo/apache-tomcat-10.0.5
10-Apr-2021 16:43:51.038 INFO [main] org.apache.catalina.startup.VersionLoggerListener.log Command line argument: -Dcatalina.home=/Users/manojpolu/Desktop/myrepo/apache-tomcat-10.0.5
10-Apr-2021 16:43:51.038 INFO [main] org.apache.catalina.startup.VersionLoggerListener.log Command line argument: -Djava.io.tmpdir=/Users/manojpolu/Desktop/myrepo/apache-tomcat-10.0.5/temp
10-Apr-2021 16:43:51.050 INFO [main] org.apache.catalina.core.AprLifecycleListener.lifecycleEvent The Apache Tomcat Native library which allows using OpenSSL was not found on the java.library.path: [/Users/manojpolu/Library/Java/Extensions:/Library/Java/Extensions:/Network/Library/Java/Extensions:/System/Library/Java/Extensions:/usr/lib/java:.]
10-Apr-2021 16:43:51.776 INFO [main] org.apache.coyote.AbstractProtocol.init Initializing ProtocolHandler ["http-nio-8080"]
10-Apr-2021 16:43:51.996 INFO [main] org.apache.catalina.startup.Catalina.load Server initialization in [1438] milliseconds
10-Apr-2021 16:43:52.277 INFO [main] org.apache.catalina.core.StandardService.startInternal Starting service [Catalina]
10-Apr-2021 16:43:52.278 INFO [main] org.apache.catalina.core.StandardEngine.startInternal Starting Servlet engine: [Apache Tomcat/10.0.5]
10-Apr-2021 16:43:52.313 INFO [main] org.apache.catalina.startup.HostConfig.deployDirectory Deploying web application directory [/Users/manojpolu/Desktop/myrepo/apache-tomcat-10.0.5/webapps/docs]
10-Apr-2021 16:43:53.265 INFO [main] org.apache.catalina.startup.HostConfig.deployDirectory Deployment of web application directory [/Users/manojpolu/Desktop/myrepo/apache-tomcat-10.0.5/webapps/docs] has finished in [947] ms
10-Apr-2021 16:43:53.265 INFO [main] org.apache.catalina.startup.HostConfig.deployDirectory Deploying web application directory [/Users/manojpolu/Desktop/myrepo/apache-tomcat-10.0.5/webapps/manager]
10-Apr-2021 16:43:53.319 INFO [main] org.apache.catalina.startup.HostConfig.deployDirectory Deployment of web application directory [/Users/manojpolu/Desktop/myrepo/apache-tomcat-10.0.5/webapps/manager] has finished in [54] ms
10-Apr-2021 16:43:53.320 INFO [main] org.apache.catalina.startup.HostConfig.deployDirectory Deploying web application directory [/Users/manojpolu/Desktop/myrepo/apache-tomcat-10.0.5/webapps/examples]
10-Apr-2021 16:43:53.924 INFO [main] org.apache.catalina.startup.HostConfig.deployDirectory Deployment of web application directory [/Users/manojpolu/Desktop/myrepo/apache-tomcat-10.0.5/webapps/examples] has finished in [605] ms
10-Apr-2021 16:43:53.925 INFO [main] org.apache.catalina.startup.HostConfig.deployDirectory Deploying web application directory [/Users/manojpolu/Desktop/myrepo/apache-tomcat-10.0.5/webapps/ROOT]
10-Apr-2021 16:43:53.959 INFO [main] org.apache.catalina.startup.HostConfig.deployDirectory Deployment of web application directory [/Users/manojpolu/Desktop/myrepo/apache-tomcat-10.0.5/webapps/ROOT] has finished in [34] ms
10-Apr-2021 16:43:53.959 INFO [main] org.apache.catalina.startup.HostConfig.deployDirectory Deploying web application directory [/Users/manojpolu/Desktop/myrepo/apache-tomcat-10.0.5/webapps/host-manager]
10-Apr-2021 16:43:53.988 INFO [main] org.apache.catalina.startup.HostConfig.deployDirectory Deployment of web application directory [/Users/manojpolu/Desktop/myrepo/apache-tomcat-10.0.5/webapps/host-manager] has finished in [28] ms
10-Apr-2021 16:43:53.992 INFO [main] org.apache.coyote.AbstractProtocol.start Starting ProtocolHandler ["http-nio-8080"]
10-Apr-2021 16:43:54.013 INFO [main] org.apache.catalina.startup.Catalina.start Server startup in [2016] milliseconds
10-Apr-2021 16:45:27.938 INFO [main] org.apache.catalina.core.StandardServer.await A valid shutdown command was received via the shutdown port. Stopping the Server instance.
10-Apr-2021 16:45:27.943 INFO [main] org.apache.coyote.AbstractProtocol.pause Pausing ProtocolHandler ["http-nio-8080"]
10-Apr-2021 16:45:27.963 INFO [main] org.apache.catalina.core.StandardService.stopInternal Stopping service [Catalina]
10-Apr-2021 16:45:28.028 INFO [main] org.apache.coyote.AbstractProtocol.stop Stopping ProtocolHandler ["http-nio-8080"]
10-Apr-2021 16:45:28.072 INFO [main] org.apache.coyote.AbstractProtocol.destroy Destroying ProtocolHandler ["http-nio-8080"]
10-Apr-2021 16:49:42.873 INFO [main] org.apache.catalina.startup.VersionLoggerListener.log Server version name:   Apache Tomcat/10.0.5
10-Apr-2021 16:49:42.883 INFO [main] org.apache.catalina.startup.VersionLoggerListener.log Server built:          Mar 30 2021 08:19:50 UTC
10-Apr-2021 16:49:42.883 INFO [main] org.apache.catalina.startup.VersionLoggerListener.log Server version number: 10.0.5.0
10-Apr-2021 16:49:42.883 INFO [main] org.apache.catalina.startup.VersionLoggerListener.log OS Name:               Mac OS X
10-Apr-2021 16:49:42.883 INFO [main] org.apache.catalina.startup.VersionLoggerListener.log OS Version:            10.15.7
10-Apr-2021 16:49:42.883 INFO [main] org.apache.catalina.startup.VersionLoggerListener.log Architecture:          x86_64
10-Apr-2021 16:49:42.884 INFO [main] org.apache.catalina.startup.VersionLoggerListener.log Java Home:             /Library/Java/JavaVirtualMachines/openlogic-openjdk-8.jdk/Contents/Home/jre
10-Apr-2021 16:49:42.884 INFO [main] org.apache.catalina.startup.VersionLoggerListener.log JVM Version:           1.8.0_282-internal-b08
10-Apr-2021 16:49:42.884 INFO [main] org.apache.catalina.startup.VersionLoggerListener.log JVM Vendor:            OpenLogic-OpenJDK
10-Apr-2021 16:49:42.884 INFO [main] org.apache.catalina.startup.VersionLoggerListener.log CATALINA_BASE:         /Users/manojpolu/Desktop/myrepo/apache-tomcat-10.0.5
10-Apr-2021 16:49:42.884 INFO [main] org.apache.catalina.startup.VersionLoggerListener.log CATALINA_HOME:         /Users/manojpolu/Desktop/myrepo/apache-tomcat-10.0.5
10-Apr-2021 16:49:42.894 INFO [main] org.apache.catalina.startup.VersionLoggerListener.log Command line argument: -Djava.util.logging.config.file=/Users/manojpolu/Desktop/myrepo/apache-tomcat-10.0.5/conf/logging.properties
10-Apr-2021 16:49:42.895 INFO [main] org.apache.catalina.startup.VersionLoggerListener.log Command line argument: -Djava.util.logging.manager=org.apache.juli.ClassLoaderLogManager
10-Apr-2021 16:49:42.895 INFO [main] org.apache.catalina.startup.VersionLoggerListener.log Command line argument: -Djdk.tls.ephemeralDHKeySize=2048
10-Apr-2021 16:49:42.895 INFO [main] org.apache.catalina.startup.VersionLoggerListener.log Command line argument: -Djava.protocol.handler.pkgs=org.apache.catalina.webresources
10-Apr-2021 16:49:42.895 INFO [main] org.apache.catalina.startup.VersionLoggerListener.log Command line argument: -Dorg.apache.catalina.security.SecurityListener.UMASK=0027
10-Apr-2021 16:49:42.895 INFO [main] org.apache.catalina.startup.VersionLoggerListener.log Command line argument: -Dignore.endorsed.dirs=
10-Apr-2021 16:49:42.895 INFO [main] org.apache.catalina.startup.VersionLoggerListener.log Command line argument: -Dcatalina.base=/Users/manojpolu/Desktop/myrepo/apache-tomcat-10.0.5
10-Apr-2021 16:49:42.895 INFO [main] org.apache.catalina.startup.VersionLoggerListener.log Command line argument: -Dcatalina.home=/Users/manojpolu/Desktop/myrepo/apache-tomcat-10.0.5
10-Apr-2021 16:49:42.896 INFO [main] org.apache.catalina.startup.VersionLoggerListener.log Command line argument: -Djava.io.tmpdir=/Users/manojpolu/Desktop/myrepo/apache-tomcat-10.0.5/temp
10-Apr-2021 16:49:42.900 INFO [main] org.apache.catalina.core.AprLifecycleListener.lifecycleEvent The Apache Tomcat Native library which allows using OpenSSL was not found on the java.library.path: [/Users/manojpolu/Library/Java/Extensions:/Library/Java/Extensions:/Network/Library/Java/Extensions:/System/Library/Java/Extensions:/usr/lib/java:.]
10-Apr-2021 16:49:43.586 INFO [main] org.apache.coyote.AbstractProtocol.init Initializing ProtocolHandler ["http-nio-8080"]
10-Apr-2021 16:49:43.651 INFO [main] org.apache.catalina.startup.Catalina.load Server initialization in [1174] milliseconds
10-Apr-2021 16:49:43.722 INFO [main] org.apache.catalina.core.StandardService.startInternal Starting service [Catalina]
10-Apr-2021 16:49:43.723 INFO [main] org.apache.catalina.core.StandardEngine.startInternal Starting Servlet engine: [Apache Tomcat/10.0.5]
10-Apr-2021 16:49:43.742 INFO [main] org.apache.catalina.startup.HostConfig.deployDirectory Deploying web application directory [/Users/manojpolu/Desktop/myrepo/apache-tomcat-10.0.5/webapps/docs]
10-Apr-2021 16:49:44.251 INFO [main] org.apache.catalina.startup.HostConfig.deployDirectory Deployment of web application directory [/Users/manojpolu/Desktop/myrepo/apache-tomcat-10.0.5/webapps/docs] has finished in [508] ms
10-Apr-2021 16:49:44.252 INFO [main] org.apache.catalina.startup.HostConfig.deployDirectory Deploying web application directory [/Users/manojpolu/Desktop/myrepo/apache-tomcat-10.0.5/webapps/manager]
10-Apr-2021 16:49:44.323 INFO [main] org.apache.catalina.startup.HostConfig.deployDirectory Deployment of web application directory [/Users/manojpolu/Desktop/myrepo/apache-tomcat-10.0.5/webapps/manager] has finished in [70] ms
10-Apr-2021 16:49:44.325 INFO [main] org.apache.catalina.startup.HostConfig.deployDirectory Deploying web application directory [/Users/manojpolu/Desktop/myrepo/apache-tomcat-10.0.5/webapps/examples]
10-Apr-2021 16:49:44.861 INFO [main] org.apache.catalina.startup.HostConfig.deployDirectory Deployment of web application directory [/Users/manojpolu/Desktop/myrepo/apache-tomcat-10.0.5/webapps/examples] has finished in [535] ms
10-Apr-2021 16:49:44.862 INFO [main] org.apache.catalina.startup.HostConfig.deployDirectory Deploying web application directory [/Users/manojpolu/Desktop/myrepo/apache-tomcat-10.0.5/webapps/ROOT]
10-Apr-2021 16:49:44.885 INFO [main] org.apache.catalina.startup.HostConfig.deployDirectory Deployment of web application directory [/Users/manojpolu/Desktop/myrepo/apache-tomcat-10.0.5/webapps/ROOT] has finished in [23] ms
10-Apr-2021 16:49:44.886 INFO [main] org.apache.catalina.startup.HostConfig.deployDirectory Deploying web application directory [/Users/manojpolu/Desktop/myrepo/apache-tomcat-10.0.5/webapps/host-manager]
10-Apr-2021 16:49:44.922 INFO [main] org.apache.catalina.startup.HostConfig.deployDirectory Deployment of web application directory [/Users/manojpolu/Desktop/myrepo/apache-tomcat-10.0.5/webapps/host-manager] has finished in [36] ms
10-Apr-2021 16:49:44.927 INFO [main] org.apache.coyote.AbstractProtocol.start Starting ProtocolHandler ["http-nio-8080"]
10-Apr-2021 16:49:44.948 INFO [main] org.apache.catalina.startup.Catalina.start Server startup in [1296] milliseconds
10-Apr-2021 16:52:05.254 INFO [Catalina-utility-2] org.apache.catalina.users.MemoryUserDatabase.backgroundProcess Reloading memory user database [UserDatabase] from updated source [file:/Users/manojpolu/Desktop/myrepo/apache-tomcat-10.0.5/conf/tomcat-users.xml]
10-Apr-2021 16:54:05.601 INFO [Catalina-utility-1] org.apache.catalina.startup.HostConfig.deployWAR Deploying web application archive [/Users/manojpolu/Desktop/myrepo/apache-tomcat-10.0.5/webapps/CleanseCar_com.war]
10-Apr-2021 16:54:07.516 WARNING [Catalina-utility-1] org.apache.catalina.webresources.Cache.getResource Unable to add the resource at [/WEB-INF/classes/static/assets/js/owl.carousel.min.js] to the cache for web application [/CleanseCar_com] because there was insufficient free space available after evicting expired cache entries - consider increasing the maximum size of the cache
10-Apr-2021 16:54:07.520 WARNING [Catalina-utility-1] org.apache.catalina.webresources.Cache.getResource Unable to add the resource at [/WEB-INF/classes/static/assets/js/slick.min.js] to the cache for web application [/CleanseCar_com] because there was insufficient free space available after evicting expired cache entries - consider increasing the maximum size of the cache
10-Apr-2021 16:54:07.521 WARNING [Catalina-utility-1] org.apache.catalina.webresources.Cache.getResource Unable to add the resource at [/WEB-INF/classes/static/assets/js/vendor/jquery-1.12.4.min.js] to the cache for web application [/CleanseCar_com] because there was insufficient free space available after evicting expired cache entries - consider increasing the maximum size of the cache
10-Apr-2021 16:54:07.522 WARNING [Catalina-utility-1] org.apache.catalina.webresources.Cache.getResource Unable to add the resource at [/WEB-INF/classes/static/assets/js/vendor/modernizr-2.8.3.min.js] to the cache for web application [/CleanseCar_com] because there was insufficient free space available after evicting expired cache entries - consider increasing the maximum size of the cache
10-Apr-2021 16:54:07.523 WARNING [Catalina-utility-1] org.apache.catalina.webresources.Cache.getResource Unable to add the resource at [/WEB-INF/classes/static/assets/vue-utils/axios.js] to the cache for web application [/CleanseCar_com] because there was insufficient free space available after evicting expired cache entries - consider increasing the maximum size of the cache
10-Apr-2021 16:54:07.523 WARNING [Catalina-utility-1] org.apache.catalina.webresources.Cache.getResource Unable to add the resource at [/WEB-INF/classes/static/assets/vue-utils/vue.js] to the cache for web application [/CleanseCar_com] because there was insufficient free space available after evicting expired cache entries - consider increasing the maximum size of the cache
10-Apr-2021 16:54:07.525 WARNING [Catalina-utility-1] org.apache.catalina.webresources.Cache.getResource Unable to add the resource at [/WEB-INF/classes/static/assets/fonts/oswald-extralight-webfont.ttf] to the cache for web application [/CleanseCar_com] because there was insufficient free space available after evicting expired cache entries - consider increasing the maximum size of the cache
10-Apr-2021 16:54:07.526 WARNING [Catalina-utility-1] org.apache.catalina.webresources.Cache.getResource Unable to add the resource at [/WEB-INF/classes/static/assets/fonts/oswald-medium-webfont.svg] to the cache for web application [/CleanseCar_com] because there was insufficient free space available after evicting expired cache entries - consider increasing the maximum size of the cache
10-Apr-2021 16:54:07.527 WARNING [Catalina-utility-1] org.apache.catalina.webresources.Cache.getResource Unable to add the resource at [/WEB-INF/classes/static/assets/fonts/oswald-bold-webfont.ttf] to the cache for web application [/CleanseCar_com] because there was insufficient free space available after evicting expired cache entries - consider increasing the maximum size of the cache
10-Apr-2021 16:54:07.528 WARNING [Catalina-utility-1] org.apache.catalina.webresources.Cache.getResource Unable to add the resource at [/WEB-INF/classes/static/assets/fonts/oswald-extralight-webfontd41d.eot] to the cache for web application [/CleanseCar_com] because there was insufficient free space available after evicting expired cache entries - consider increasing the maximum size of the cache
10-Apr-2021 16:54:07.529 WARNING [Catalina-utility-1] org.apache.catalina.webresources.Cache.getResource Unable to add the resource at [/WEB-INF/classes/static/assets/fonts/Montserrat-LightItalic.ttf] to the cache for web application [/CleanseCar_com] because there was insufficient free space available after evicting expired cache entries - consider increasing the maximum size of the cache
10-Apr-2021 16:54:07.530 WARNING [Catalina-utility-1] org.apache.catalina.webresources.Cache.getResource Unable to add the resource at [/WEB-INF/classes/static/assets/fonts/Linearicons-Free54e9.eot] to the cache for web application [/CleanseCar_com] because there was insufficient free space available after evicting expired cache entries - consider increasing the maximum size of the cache
10-Apr-2021 16:54:07.532 WARNING [Catalina-utility-1] org.apache.catalina.webresources.Cache.getResource Unable to add the resource at [/WEB-INF/classes/static/assets/fonts/Montserrat-Medium.ttf] to the cache for web application [/CleanseCar_com] because there was insufficient free space available after evicting expired cache entries - consider increasing the maximum size of the cache
10-Apr-2021 16:54:07.532 WARNING [Catalina-utility-1] org.apache.catalina.webresources.Cache.getResource Unable to add the resource at [/WEB-INF/classes/static/assets/fonts/oswald-demibold-webfont.ttf] to the cache for web application [/CleanseCar_com] because there was insufficient free space available after evicting expired cache entries - consider increasing the maximum size of the cache
10-Apr-2021 16:54:07.533 WARNING [Catalina-utility-1] org.apache.catalina.webresources.Cache.getResource Unable to add the resource at [/WEB-INF/classes/static/assets/fonts/Simple-Line-Iconsb26c.eot] to the cache for web application [/CleanseCar_com] because there was insufficient free space available after evicting expired cache entries - consider increasing the maximum size of the cache
10-Apr-2021 16:54:07.534 WARNING [Catalina-utility-1] org.apache.catalina.webresources.Cache.getResource Unable to add the resource at [/WEB-INF/classes/static/assets/fonts/fontawesome-webfont3e6e.eot] to the cache for web application [/CleanseCar_com] because there was insufficient free space available after evicting expired cache entries - consider increasing the maximum size of the cache
10-Apr-2021 16:54:07.535 WARNING [Catalina-utility-1] org.apache.catalina.webresources.Cache.getResource Unable to add the resource at [/WEB-INF/classes/static/assets/fonts/oswald-medium-webfont.woff] to the cache for web application [/CleanseCar_com] because there was insufficient free space available after evicting expired cache entries - consider increasing the maximum size of the cache
10-Apr-2021 16:54:07.537 WARNING [Catalina-utility-1] org.apache.catalina.webresources.Cache.getResource Unable to add the resource at [/WEB-INF/classes/static/assets/fonts/Montserrat-BoldItalic.ttf] to the cache for web application [/CleanseCar_com] because there was insufficient free space available after evicting expired cache entries - consider increasing the maximum size of the cache
10-Apr-2021 16:54:07.538 WARNING [Catalina-utility-1] org.apache.catalina.webresources.Cache.getResource Unable to add the resource at [/WEB-INF/classes/static/assets/fonts/oswald-extralight-webfont.eot] to the cache for web application [/CleanseCar_com] because there was insufficient free space available after evicting expired cache entries - consider increasing the maximum size of the cache
10-Apr-2021 16:54:07.540 WARNING [Catalina-utility-1] org.apache.catalina.webresources.Cache.getResource Unable to add the resource at [/WEB-INF/classes/static/assets/fonts/oswald-bold-webfont.eot] to the cache for web application [/CleanseCar_com] because there was insufficient free space available after evicting expired cache entries - consider increasing the maximum size of the cache
10-Apr-2021 16:54:07.541 WARNING [Catalina-utility-1] org.apache.catalina.webresources.Cache.getResource Unable to add the resource at [/WEB-INF/classes/static/assets/fonts/Montserrat-Light.ttf] to the cache for web application [/CleanseCar_com] because there was insufficient free space available after evicting expired cache entries - consider increasing the maximum size of the cache
10-Apr-2021 16:54:07.542 WARNING [Catalina-utility-1] org.apache.catalina.webresources.Cache.getResource Unable to add the resource at [/WEB-INF/classes/static/assets/fonts/Linearicons-Free54e9.ttf] to the cache for web application [/CleanseCar_com] because there was insufficient free space available after evicting expired cache entries - consider increasing the maximum size of the cache
10-Apr-2021 16:54:07.543 WARNING [Catalina-utility-1] org.apache.catalina.webresources.Cache.getResource Unable to add the resource at [/WEB-INF/classes/static/assets/fonts/oswald-bold-webfont.woff] to the cache for web application [/CleanseCar_com] because there was insufficient free space available after evicting expired cache entries - consider increasing the maximum size of the cache
10-Apr-2021 16:54:07.544 WARNING [Catalina-utility-1] org.apache.catalina.webresources.Cache.getResource Unable to add the resource at [/WEB-INF/classes/static/assets/fonts/Montserrat-ThinItalic.ttf] to the cache for web application [/CleanseCar_com] because there was insufficient free space available after evicting expired cache entries - consider increasing the maximum size of the cache
10-Apr-2021 16:54:07.544 WARNING [Catalina-utility-1] org.apache.catalina.webresources.Cache.getResource Unable to add the resource at [/WEB-INF/classes/static/assets/fonts/fontawesome-webfontd41d.eot] to the cache for web application [/CleanseCar_com] because there was insufficient free space available after evicting expired cache entries - consider increasing the maximum size of the cache
10-Apr-2021 16:54:07.545 WARNING [Catalina-utility-1] org.apache.catalina.webresources.Cache.getResource Unable to add the resource at [/WEB-INF/classes/static/assets/fonts/Montserrat-ExtraLight.ttf] to the cache for web application [/CleanseCar_com] because there was insufficient free space available after evicting expired cache entries - consider increasing the maximum size of the cache
10-Apr-2021 16:54:07.546 WARNING [Catalina-utility-1] org.apache.catalina.webresources.Cache.getResource Unable to add the resource at [/WEB-INF/classes/static/assets/fonts/Montserrat-Thin.ttf] to the cache for web application [/CleanseCar_com] because there was insufficient free space available after evicting expired cache entries - consider increasing the maximum size of the cache
10-Apr-2021 16:54:07.547 WARNING [Catalina-utility-1] org.apache.catalina.webresources.Cache.getResource Unable to add the resource at [/WEB-INF/classes/static/assets/fonts/oswald-demibold-webfont.woff] to the cache for web application [/CleanseCar_com] because there was insufficient free space available after evicting expired cache entries - consider increasing the maximum size of the cache
10-Apr-2021 16:54:07.548 WARNING [Catalina-utility-1] org.apache.catalina.webresources.Cache.getResource Unable to add the resource at [/WEB-INF/classes/static/assets/fonts/Montserrat-Bold.ttf] to the cache for web application [/CleanseCar_com] because there was insufficient free space available after evicting expired cache entries - consider increasing the maximum size of the cache
10-Apr-2021 16:54:07.548 WARNING [Catalina-utility-1] org.apache.catalina.webresources.Cache.getResource Unable to add the resource at [/WEB-INF/classes/static/assets/fonts/Montserrat-MediumItalic.ttf] to the cache for web application [/CleanseCar_com] because there was insufficient free space available after evicting expired cache entries - consider increasing the maximum size of the cache
10-Apr-2021 16:54:07.549 WARNING [Catalina-utility-1] org.apache.catalina.webresources.Cache.getResource Unable to add the resource at [/WEB-INF/classes/static/assets/fonts/oswald-demibold-webfont.eot] to the cache for web application [/CleanseCar_com] because there was insufficient free space available after evicting expired cache entries - consider increasing the maximum size of the cache
10-Apr-2021 16:54:07.550 WARNING [Catalina-utility-1] org.apache.catalina.webresources.Cache.getResource Unable to add the resource at [/WEB-INF/classes/static/assets/fonts/oswald-demibold-webfont.woff2] to the cache for web application [/CleanseCar_com] because there was insufficient free space available after evicting expired cache entries - consider increasing the maximum size of the cache
10-Apr-2021 16:54:07.551 WARNING [Catalina-utility-1] org.apache.catalina.webresources.Cache.getResource Unable to add the resource at [/WEB-INF/classes/static/assets/fonts/oswald-extralight-webfont.woff] to the cache for web application [/CleanseCar_com] because there was insufficient free space available after evicting expired cache entries - consider increasing the maximum size of the cache
10-Apr-2021 16:54:07.552 WARNING [Catalina-utility-1] org.apache.catalina.webresources.Cache.getResource Unable to add the resource at [/WEB-INF/classes/static/assets/fonts/Simple-Line-Iconsb26c.ttf] to the cache for web application [/CleanseCar_com] because there was insufficient free space available after evicting expired cache entries - consider increasing the maximum size of the cache
10-Apr-2021 16:54:07.553 WARNING [Catalina-utility-1] org.apache.catalina.webresources.Cache.getResource Unable to add the resource at [/WEB-INF/classes/static/assets/fonts/Montserrat-BlackItalic.ttf] to the cache for web application [/CleanseCar_com] because there was insufficient free space available after evicting expired cache entries - consider increasing the maximum size of the cache
10-Apr-2021 16:54:07.555 WARNING [Catalina-utility-1] org.apache.catalina.webresources.Cache.getResource Unable to add the resource at [/WEB-INF/classes/static/assets/fonts/fontawesome-webfont3e6e.ttf] to the cache for web application [/CleanseCar_com] because there was insufficient free space available after evicting expired cache entries - consider increasing the maximum size of the cache
10-Apr-2021 16:54:07.556 WARNING [Catalina-utility-1] org.apache.catalina.webresources.Cache.getResource Unable to add the resource at [/WEB-INF/classes/static/assets/fonts/oswald-medium-webfontd41d.eot] to the cache for web application [/CleanseCar_com] because there was insufficient free space available after evicting expired cache entries - consider increasing the maximum size of the cache
10-Apr-2021 16:54:07.558 WARNING [Catalina-utility-1] org.apache.catalina.webresources.Cache.getResource Unable to add the resource at [/WEB-INF/classes/static/assets/fonts/Linearicons-Free54e9.woff2] to the cache for web application [/CleanseCar_com] because there was insufficient free space available after evicting expired cache entries - consider increasing the maximum size of the cache
10-Apr-2021 16:54:07.559 WARNING [Catalina-utility-1] org.apache.catalina.webresources.Cache.getResource Unable to add the resource at [/WEB-INF/classes/static/assets/fonts/oswald-bold-webfontd41d.eot] to the cache for web application [/CleanseCar_com] because there was insufficient free space available after evicting expired cache entries - consider increasing the maximum size of the cache
10-Apr-2021 16:54:07.560 WARNING [Catalina-utility-1] org.apache.catalina.webresources.Cache.getResource Unable to add the resource at [/WEB-INF/classes/static/assets/fonts/Stroke-Gap-Icons.eot] to the cache for web application [/CleanseCar_com] because there was insufficient free space available after evicting expired cache entries - consider increasing the maximum size of the cache
10-Apr-2021 16:54:07.561 WARNING [Catalina-utility-1] org.apache.catalina.webresources.Cache.getResource Unable to add the resource at [/WEB-INF/classes/static/assets/fonts/oswald-demibold-webfont.svg] to the cache for web application [/CleanseCar_com] because there was insufficient free space available after evicting expired cache entries - consider increasing the maximum size of the cache
10-Apr-2021 16:54:07.563 WARNING [Catalina-utility-1] org.apache.catalina.webresources.Cache.getResource Unable to add the resource at [/WEB-INF/classes/static/assets/fonts/Linearicons-Freed41d.eot] to the cache for web application [/CleanseCar_com] because there was insufficient free space available after evicting expired cache entries - consider increasing the maximum size of the cache
10-Apr-2021 16:54:07.564 WARNING [Catalina-utility-1] org.apache.catalina.webresources.Cache.getResource Unable to add the resource at [/WEB-INF/classes/static/assets/fonts/Montserrat-SemiBold.ttf] to the cache for web application [/CleanseCar_com] because there was insufficient free space available after evicting expired cache entries - consider increasing the maximum size of the cache
10-Apr-2021 16:54:07.565 WARNING [Catalina-utility-1] org.apache.catalina.webresources.Cache.getResource Unable to add the resource at [/WEB-INF/classes/static/assets/fonts/oswald-extralight-webfont.svg] to the cache for web application [/CleanseCar_com] because there was insufficient free space available after evicting expired cache entries - consider increasing the maximum size of the cache
10-Apr-2021 16:54:07.566 WARNING [Catalina-utility-1] org.apache.catalina.webresources.Cache.getResource Unable to add the resource at [/WEB-INF/classes/static/assets/fonts/Montserrat-ExtraLightItalic.ttf] to the cache for web application [/CleanseCar_com] because there was insufficient free space available after evicting expired cache entries - consider increasing the maximum size of the cache
10-Apr-2021 16:54:07.567 WARNING [Catalina-utility-1] org.apache.catalina.webresources.Cache.getResource Unable to add the resource at [/WEB-INF/classes/static/assets/fonts/oswald-medium-webfont.ttf] to the cache for web application [/CleanseCar_com] because there was insufficient free space available after evicting expired cache entries - consider increasing the maximum size of the cache
10-Apr-2021 16:54:07.568 WARNING [Catalina-utility-1] org.apache.catalina.webresources.Cache.getResource Unable to add the resource at [/WEB-INF/classes/static/assets/fonts/oswald-bold-webfont.svg] to the cache for web application [/CleanseCar_com] because there was insufficient free space available after evicting expired cache entries - consider increasing the maximum size of the cache
10-Apr-2021 16:54:07.568 WARNING [Catalina-utility-1] org.apache.catalina.webresources.Cache.getResource Unable to add the resource at [/WEB-INF/classes/static/assets/fonts/Montserrat-ExtraBold.ttf] to the cache for web application [/CleanseCar_com] because there was insufficient free space available after evicting expired cache entries - consider increasing the maximum size of the cache
10-Apr-2021 16:54:07.569 WARNING [Catalina-utility-1] org.apache.catalina.webresources.Cache.getResource Unable to add the resource at [/WEB-INF/classes/static/assets/fonts/oswald-extralight-webfont.woff2] to the cache for web application [/CleanseCar_com] because there was insufficient free space available after evicting expired cache entries - consider increasing the maximum size of the cache
10-Apr-2021 16:54:07.570 WARNING [Catalina-utility-1] org.apache.catalina.webresources.Cache.getResource Unable to add the resource at [/WEB-INF/classes/static/assets/fonts/Simple-Line-Iconsb26c.woff] to the cache for web application [/CleanseCar_com] because there was insufficient free space available after evicting expired cache entries - consider increasing the maximum size of the cache
10-Apr-2021 16:54:07.570 WARNING [Catalina-utility-1] org.apache.catalina.webresources.Cache.getResource Unable to add the resource at [/WEB-INF/classes/static/assets/fonts/oswald-medium-webfont.woff2] to the cache for web application [/CleanseCar_com] because there was insufficient free space available after evicting expired cache entries - consider increasing the maximum size of the cache
10-Apr-2021 16:54:07.571 WARNING [Catalina-utility-1] org.apache.catalina.webresources.Cache.getResource Unable to add the resource at [/WEB-INF/classes/static/assets/fonts/fontawesome-webfont3e6e.woff] to the cache for web application [/CleanseCar_com] because there was insufficient free space available after evicting expired cache entries - consider increasing the maximum size of the cache
10-Apr-2021 16:54:07.571 WARNING [Catalina-utility-1] org.apache.catalina.webresources.Cache.getResource Unable to add the resource at [/WEB-INF/classes/static/assets/fonts/Montserrat-Black.ttf] to the cache for web application [/CleanseCar_com] because there was insufficient free space available after evicting expired cache entries - consider increasing the maximum size of the cache
10-Apr-2021 16:54:07.572 WARNING [Catalina-utility-1] org.apache.catalina.webresources.Cache.getResource Unable to add the resource at [/WEB-INF/classes/static/assets/fonts/Montserrat-Regular.ttf] to the cache for web application [/CleanseCar_com] because there was insufficient free space available after evicting expired cache entries - consider increasing the maximum size of the cache
10-Apr-2021 16:54:07.574 WARNING [Catalina-utility-1] org.apache.catalina.webresources.Cache.getResource Unable to add the resource at [/WEB-INF/classes/static/assets/fonts/Montserrat-Italic.ttf] to the cache for web application [/CleanseCar_com] because there was insufficient free space available after evicting expired cache entries - consider increasing the maximum size of the cache
10-Apr-2021 16:54:07.574 WARNING [Catalina-utility-1] org.apache.catalina.webresources.Cache.getResource Unable to add the resource at [/WEB-INF/classes/static/assets/fonts/Simple-Line-Iconsb26c.svg] to the cache for web application [/CleanseCar_com] because there was insufficient free space available after evicting expired cache entries - consider increasing the maximum size of the cache
10-Apr-2021 16:54:07.575 WARNING [Catalina-utility-1] org.apache.catalina.webresources.Cache.getResource Unable to add the resource at [/WEB-INF/classes/static/assets/fonts/oswald-bold-webfont.woff2] to the cache for web application [/CleanseCar_com] because there was insufficient free space available after evicting expired cache entries - consider increasing the maximum size of the cache
10-Apr-2021 16:54:07.576 WARNING [Catalina-utility-1] org.apache.catalina.webresources.Cache.getResource Unable to add the resource at [/WEB-INF/classes/static/assets/fonts/oswald-demibold-webfontd41d.eot] to the cache for web application [/CleanseCar_com] because there was insufficient free space available after evicting expired cache entries - consider increasing the maximum size of the cache
10-Apr-2021 16:54:07.576 WARNING [Catalina-utility-1] org.apache.catalina.webresources.Cache.getResource Unable to add the resource at [/WEB-INF/classes/static/assets/fonts/Simple-Line-Iconsb26c.woff2] to the cache for web application [/CleanseCar_com] because there was insufficient free space available after evicting expired cache entries - consider increasing the maximum size of the cache
10-Apr-2021 16:54:07.577 WARNING [Catalina-utility-1] org.apache.catalina.webresources.Cache.getResource Unable to add the resource at [/WEB-INF/classes/static/assets/fonts/fontawesome-webfont3e6e.svg] to the cache for web application [/CleanseCar_com] because there was insufficient free space available after evicting expired cache entries - consider increasing the maximum size of the cache
10-Apr-2021 16:54:07.578 WARNING [Catalina-utility-1] org.apache.catalina.webresources.Cache.getResource Unable to add the resource at [/WEB-INF/classes/static/assets/fonts/Linearicons-Free54e9.woff] to the cache for web application [/CleanseCar_com] because there was insufficient free space available after evicting expired cache entries - consider increasing the maximum size of the cache
10-Apr-2021 16:54:07.578 WARNING [Catalina-utility-1] org.apache.catalina.webresources.Cache.getResource Unable to add the resource at [/WEB-INF/classes/static/assets/fonts/oswald-medium-webfont.eot] to the cache for web application [/CleanseCar_com] because there was insufficient free space available after evicting expired cache entries - consider increasing the maximum size of the cache
10-Apr-2021 16:54:07.580 WARNING [Catalina-utility-1] org.apache.catalina.webresources.Cache.getResource Unable to add the resource at [/WEB-INF/classes/static/assets/fonts/Linearicons-Free54e9.svg] to the cache for web application [/CleanseCar_com] because there was insufficient free space available after evicting expired cache entries - consider increasing the maximum size of the cache
10-Apr-2021 16:54:07.581 WARNING [Catalina-utility-1] org.apache.catalina.webresources.Cache.getResource Unable to add the resource at [/WEB-INF/classes/static/assets/fonts/fontawesome-webfont3e6e.woff2] to the cache for web application [/CleanseCar_com] because there was insufficient free space available after evicting expired cache entries - consider increasing the maximum size of the cache
10-Apr-2021 16:54:07.582 WARNING [Catalina-utility-1] org.apache.catalina.webresources.Cache.getResource Unable to add the resource at [/WEB-INF/classes/static/assets/fonts/Montserrat-SemiBoldItalic.ttf] to the cache for web application [/CleanseCar_com] because there was insufficient free space available after evicting expired cache entries - consider increasing the maximum size of the cache
10-Apr-2021 16:54:07.583 WARNING [Catalina-utility-1] org.apache.catalina.webresources.Cache.getResource Unable to add the resource at [/WEB-INF/classes/static/assets/fonts/Montserrat-ExtraBoldItalic.ttf] to the cache for web application [/CleanseCar_com] because there was insufficient free space available after evicting expired cache entries - consider increasing the maximum size of the cache
10-Apr-2021 16:54:07.588 WARNING [Catalina-utility-1] org.apache.catalina.webresources.Cache.getResource Unable to add the resource at [/WEB-INF/classes/templates/webpages/index.html] to the cache for web application [/CleanseCar_com] because there was insufficient free space available after evicting expired cache entries - consider increasing the maximum size of the cache
10-Apr-2021 16:54:07.589 WARNING [Catalina-utility-1] org.apache.catalina.webresources.Cache.getResource Unable to add the resource at [/WEB-INF/classes/templates/webpages/fbRequestsForm.html] to the cache for web application [/CleanseCar_com] because there was insufficient free space available after evicting expired cache entries - consider increasing the maximum size of the cache
10-Apr-2021 16:54:19.184 INFO [Catalina-utility-1] org.apache.jasper.servlet.TldScanner.scanJars At least one JAR was scanned for TLDs yet contained no TLDs. Enable debug logging for this logger for a complete list of JARs that were scanned but no TLDs were found in them. Skipping unneeded JARs during scanning can improve startup time and JSP compilation time.
10-Apr-2021 16:54:19.333 INFO [http-nio-8080-exec-3] org.apache.catalina.util.LifecycleBase.start The start() method was called on component [StandardEngine[Catalina].StandardHost[localhost].StandardContext[/CleanseCar_com]] after start() had already been called. The second call will be ignored.
10-Apr-2021 16:54:19.350 INFO [Catalina-utility-1] org.apache.catalina.startup.HostConfig.deployWAR Deployment of web application archive [/Users/manojpolu/Desktop/myrepo/apache-tomcat-10.0.5/webapps/CleanseCar_com.war] has finished in [13,734] ms
10-Apr-2021 16:54:38.804 INFO [http-nio-8080-exec-5] org.apache.catalina.startup.HostConfig.undeploy Undeploying context [/CleanseCar_com]
10-Apr-2021 16:55:19.656 INFO [Catalina-utility-1] org.apache.catalina.startup.HostConfig.deployWAR Deploying web application archive [/Users/manojpolu/Desktop/myrepo/apache-tomcat-10.0.5/webapps/CleanseCar_com.war]
10-Apr-2021 16:55:22.872 WARNING [Catalina-utility-1] org.apache.catalina.webresources.Cache.getResource Unable to add the resource at [/WEB-INF/classes/static/assets/js/owl.carousel.min.js] to the cache for web application [/CleanseCar_com] because there was insufficient free space available after evicting expired cache entries - consider increasing the maximum size of the cache
10-Apr-2021 16:55:22.878 WARNING [Catalina-utility-1] org.apache.catalina.webresources.Cache.getResource Unable to add the resource at [/WEB-INF/classes/static/assets/js/slick.min.js] to the cache for web application [/CleanseCar_com] because there was insufficient free space available after evicting expired cache entries - consider increasing the maximum size of the cache
10-Apr-2021 16:55:22.881 WARNING [Catalina-utility-1] org.apache.catalina.webresources.Cache.getResource Unable to add the resource at [/WEB-INF/classes/static/assets/js/vendor/jquery-1.12.4.min.js] to the cache for web application [/CleanseCar_com] because there was insufficient free space available after evicting expired cache entries - consider increasing the maximum size of the cache
10-Apr-2021 16:55:22.881 WARNING [Catalina-utility-1] org.apache.catalina.webresources.Cache.getResource Unable to add the resource at [/WEB-INF/classes/static/assets/js/vendor/modernizr-2.8.3.min.js] to the cache for web application [/CleanseCar_com] because there was insufficient free space available after evicting expired cache entries - consider increasing the maximum size of the cache
10-Apr-2021 16:55:22.883 WARNING [Catalina-utility-1] org.apache.catalina.webresources.Cache.getResource Unable to add the resource at [/WEB-INF/classes/static/assets/vue-utils/axios.js] to the cache for web application [/CleanseCar_com] because there was insufficient free space available after evicting expired cache entries - consider increasing the maximum size of the cache
10-Apr-2021 16:55:22.884 WARNING [Catalina-utility-1] org.apache.catalina.webresources.Cache.getResource Unable to add the resource at [/WEB-INF/classes/static/assets/vue-utils/vue.js] to the cache for web application [/CleanseCar_com] because there was insufficient free space available after evicting expired cache entries - consider increasing the maximum size of the cache
10-Apr-2021 16:55:22.885 WARNING [Catalina-utility-1] org.apache.catalina.webresources.Cache.getResource Unable to add the resource at [/WEB-INF/classes/static/assets/fonts/oswald-extralight-webfont.ttf] to the cache for web application [/CleanseCar_com] because there was insufficient free space available after evicting expired cache entries - consider increasing the maximum size of the cache
10-Apr-2021 16:55:22.886 WARNING [Catalina-utility-1] org.apache.catalina.webresources.Cache.getResource Unable to add the resource at [/WEB-INF/classes/static/assets/fonts/oswald-medium-webfont.svg] to the cache for web application [/CleanseCar_com] because there was insufficient free space available after evicting expired cache entries - consider increasing the maximum size of the cache
10-Apr-2021 16:55:22.887 WARNING [Catalina-utility-1] org.apache.catalina.webresources.Cache.getResource Unable to add the resource at [/WEB-INF/classes/static/assets/fonts/oswald-bold-webfont.ttf] to the cache for web application [/CleanseCar_com] because there was insufficient free space available after evicting expired cache entries - consider increasing the maximum size of the cache
10-Apr-2021 16:55:22.888 WARNING [Catalina-utility-1] org.apache.catalina.webresources.Cache.getResource Unable to add the resource at [/WEB-INF/classes/static/assets/fonts/oswald-extralight-webfontd41d.eot] to the cache for web application [/CleanseCar_com] because there was insufficient free space available after evicting expired cache entries - consider increasing the maximum size of the cache
10-Apr-2021 16:55:22.889 WARNING [Catalina-utility-1] org.apache.catalina.webresources.Cache.getResource Unable to add the resource at [/WEB-INF/classes/static/assets/fonts/Montserrat-LightItalic.ttf] to the cache for web application [/CleanseCar_com] because there was insufficient free space available after evicting expired cache entries - consider increasing the maximum size of the cache
10-Apr-2021 16:55:22.890 WARNING [Catalina-utility-1] org.apache.catalina.webresources.Cache.getResource Unable to add the resource at [/WEB-INF/classes/static/assets/fonts/Linearicons-Free54e9.eot] to the cache for web application [/CleanseCar_com] because there was insufficient free space available after evicting expired cache entries - consider increasing the maximum size of the cache
10-Apr-2021 16:55:22.890 WARNING [Catalina-utility-1] org.apache.catalina.webresources.Cache.getResource Unable to add the resource at [/WEB-INF/classes/static/assets/fonts/Montserrat-Medium.ttf] to the cache for web application [/CleanseCar_com] because there was insufficient free space available after evicting expired cache entries - consider increasing the maximum size of the cache
10-Apr-2021 16:55:22.891 WARNING [Catalina-utility-1] org.apache.catalina.webresources.Cache.getResource Unable to add the resource at [/WEB-INF/classes/static/assets/fonts/oswald-demibold-webfont.ttf] to the cache for web application [/CleanseCar_com] because there was insufficient free space available after evicting expired cache entries - consider increasing the maximum size of the cache
10-Apr-2021 16:55:22.892 WARNING [Catalina-utility-1] org.apache.catalina.webresources.Cache.getResource Unable to add the resource at [/WEB-INF/classes/static/assets/fonts/Simple-Line-Iconsb26c.eot] to the cache for web application [/CleanseCar_com] because there was insufficient free space available after evicting expired cache entries - consider increasing the maximum size of the cache
10-Apr-2021 16:55:22.892 WARNING [Catalina-utility-1] org.apache.catalina.webresources.Cache.getResource Unable to add the resource at [/WEB-INF/classes/static/assets/fonts/fontawesome-webfont3e6e.eot] to the cache for web application [/CleanseCar_com] because there was insufficient free space available after evicting expired cache entries - consider increasing the maximum size of the cache
10-Apr-2021 16:55:22.893 WARNING [Catalina-utility-1] org.apache.catalina.webresources.Cache.getResource Unable to add the resource at [/WEB-INF/classes/static/assets/fonts/oswald-medium-webfont.woff] to the cache for web application [/CleanseCar_com] because there was insufficient free space available after evicting expired cache entries - consider increasing the maximum size of the cache
10-Apr-2021 16:55:22.894 WARNING [Catalina-utility-1] org.apache.catalina.webresources.Cache.getResource Unable to add the resource at [/WEB-INF/classes/static/assets/fonts/Montserrat-BoldItalic.ttf] to the cache for web application [/CleanseCar_com] because there was insufficient free space available after evicting expired cache entries - consider increasing the maximum size of the cache
10-Apr-2021 16:55:22.894 WARNING [Catalina-utility-1] org.apache.catalina.webresources.Cache.getResource Unable to add the resource at [/WEB-INF/classes/static/assets/fonts/oswald-extralight-webfont.eot] to the cache for web application [/CleanseCar_com] because there was insufficient free space available after evicting expired cache entries - consider increasing the maximum size of the cache
10-Apr-2021 16:55:22.895 WARNING [Catalina-utility-1] org.apache.catalina.webresources.Cache.getResource Unable to add the resource at [/WEB-INF/classes/static/assets/fonts/oswald-bold-webfont.eot] to the cache for web application [/CleanseCar_com] because there was insufficient free space available after evicting expired cache entries - consider increasing the maximum size of the cache
10-Apr-2021 16:55:22.895 WARNING [Catalina-utility-1] org.apache.catalina.webresources.Cache.getResource Unable to add the resource at [/WEB-INF/classes/static/assets/fonts/Montserrat-Light.ttf] to the cache for web application [/CleanseCar_com] because there was insufficient free space available after evicting expired cache entries - consider increasing the maximum size of the cache
10-Apr-2021 16:55:22.896 WARNING [Catalina-utility-1] org.apache.catalina.webresources.Cache.getResource Unable to add the resource at [/WEB-INF/classes/static/assets/fonts/Linearicons-Free54e9.ttf] to the cache for web application [/CleanseCar_com] because there was insufficient free space available after evicting expired cache entries - consider increasing the maximum size of the cache
10-Apr-2021 16:55:22.896 WARNING [Catalina-utility-1] org.apache.catalina.webresources.Cache.getResource Unable to add the resource at [/WEB-INF/classes/static/assets/fonts/oswald-bold-webfont.woff] to the cache for web application [/CleanseCar_com] because there was insufficient free space available after evicting expired cache entries - consider increasing the maximum size of the cache
10-Apr-2021 16:55:22.897 WARNING [Catalina-utility-1] org.apache.catalina.webresources.Cache.getResource Unable to add the resource at [/WEB-INF/classes/static/assets/fonts/Montserrat-ThinItalic.ttf] to the cache for web application [/CleanseCar_com] because there was insufficient free space available after evicting expired cache entries - consider increasing the maximum size of the cache
10-Apr-2021 16:55:22.897 WARNING [Catalina-utility-1] org.apache.catalina.webresources.Cache.getResource Unable to add the resource at [/WEB-INF/classes/static/assets/fonts/fontawesome-webfontd41d.eot] to the cache for web application [/CleanseCar_com] because there was insufficient free space available after evicting expired cache entries - consider increasing the maximum size of the cache
10-Apr-2021 16:55:22.898 WARNING [Catalina-utility-1] org.apache.catalina.webresources.Cache.getResource Unable to add the resource at [/WEB-INF/classes/static/assets/fonts/Montserrat-ExtraLight.ttf] to the cache for web application [/CleanseCar_com] because there was insufficient free space available after evicting expired cache entries - consider increasing the maximum size of the cache
10-Apr-2021 16:55:22.898 WARNING [Catalina-utility-1] org.apache.catalina.webresources.Cache.getResource Unable to add the resource at [/WEB-INF/classes/static/assets/fonts/Montserrat-Thin.ttf] to the cache for web application [/CleanseCar_com] because there was insufficient free space available after evicting expired cache entries - consider increasing the maximum size of the cache
10-Apr-2021 16:55:22.898 WARNING [Catalina-utility-1] org.apache.catalina.webresources.Cache.getResource Unable to add the resource at [/WEB-INF/classes/static/assets/fonts/oswald-demibold-webfont.woff] to the cache for web application [/CleanseCar_com] because there was insufficient free space available after evicting expired cache entries - consider increasing the maximum size of the cache
10-Apr-2021 16:55:22.899 WARNING [Catalina-utility-1] org.apache.catalina.webresources.Cache.getResource Unable to add the resource at [/WEB-INF/classes/static/assets/fonts/Montserrat-Bold.ttf] to the cache for web application [/CleanseCar_com] because there was insufficient free space available after evicting expired cache entries - consider increasing the maximum size of the cache
10-Apr-2021 16:55:22.899 WARNING [Catalina-utility-1] org.apache.catalina.webresources.Cache.getResource Unable to add the resource at [/WEB-INF/classes/static/assets/fonts/Montserrat-MediumItalic.ttf] to the cache for web application [/CleanseCar_com] because there was insufficient free space available after evicting expired cache entries - consider increasing the maximum size of the cache
10-Apr-2021 16:55:22.900 WARNING [Catalina-utility-1] org.apache.catalina.webresources.Cache.getResource Unable to add the resource at [/WEB-INF/classes/static/assets/fonts/oswald-demibold-webfont.eot] to the cache for web application [/CleanseCar_com] because there was insufficient free space available after evicting expired cache entries - consider increasing the maximum size of the cache
10-Apr-2021 16:55:22.900 WARNING [Catalina-utility-1] org.apache.catalina.webresources.Cache.getResource Unable to add the resource at [/WEB-INF/classes/static/assets/fonts/oswald-demibold-webfont.woff2] to the cache for web application [/CleanseCar_com] because there was insufficient free space available after evicting expired cache entries - consider increasing the maximum size of the cache
10-Apr-2021 16:55:22.901 WARNING [Catalina-utility-1] org.apache.catalina.webresources.Cache.getResource Unable to add the resource at [/WEB-INF/classes/static/assets/fonts/oswald-extralight-webfont.woff] to the cache for web application [/CleanseCar_com] because there was insufficient free space available after evicting expired cache entries - consider increasing the maximum size of the cache
10-Apr-2021 16:55:22.901 WARNING [Catalina-utility-1] org.apache.catalina.webresources.Cache.getResource Unable to add the resource at [/WEB-INF/classes/static/assets/fonts/Simple-Line-Iconsb26c.ttf] to the cache for web application [/CleanseCar_com] because there was insufficient free space available after evicting expired cache entries - consider increasing the maximum size of the cache
10-Apr-2021 16:55:22.902 WARNING [Catalina-utility-1] org.apache.catalina.webresources.Cache.getResource Unable to add the resource at [/WEB-INF/classes/static/assets/fonts/Montserrat-BlackItalic.ttf] to the cache for web application [/CleanseCar_com] because there was insufficient free space available after evicting expired cache entries - consider increasing the maximum size of the cache
10-Apr-2021 16:55:22.902 WARNING [Catalina-utility-1] org.apache.catalina.webresources.Cache.getResource Unable to add the resource at [/WEB-INF/classes/static/assets/fonts/fontawesome-webfont3e6e.ttf] to the cache for web application [/CleanseCar_com] because there was insufficient free space available after evicting expired cache entries - consider increasing the maximum size of the cache
10-Apr-2021 16:55:22.903 WARNING [Catalina-utility-1] org.apache.catalina.webresources.Cache.getResource Unable to add the resource at [/WEB-INF/classes/static/assets/fonts/oswald-medium-webfontd41d.eot] to the cache for web application [/CleanseCar_com] because there was insufficient free space available after evicting expired cache entries - consider increasing the maximum size of the cache
10-Apr-2021 16:55:22.903 WARNING [Catalina-utility-1] org.apache.catalina.webresources.Cache.getResource Unable to add the resource at [/WEB-INF/classes/static/assets/fonts/Linearicons-Free54e9.woff2] to the cache for web application [/CleanseCar_com] because there was insufficient free space available after evicting expired cache entries - consider increasing the maximum size of the cache
10-Apr-2021 16:55:22.904 WARNING [Catalina-utility-1] org.apache.catalina.webresources.Cache.getResource Unable to add the resource at [/WEB-INF/classes/static/assets/fonts/oswald-bold-webfontd41d.eot] to the cache for web application [/CleanseCar_com] because there was insufficient free space available after evicting expired cache entries - consider increasing the maximum size of the cache
10-Apr-2021 16:55:22.904 WARNING [Catalina-utility-1] org.apache.catalina.webresources.Cache.getResource Unable to add the resource at [/WEB-INF/classes/static/assets/fonts/Stroke-Gap-Icons.eot] to the cache for web application [/CleanseCar_com] because there was insufficient free space available after evicting expired cache entries - consider increasing the maximum size of the cache
10-Apr-2021 16:55:22.905 WARNING [Catalina-utility-1] org.apache.catalina.webresources.Cache.getResource Unable to add the resource at [/WEB-INF/classes/static/assets/fonts/oswald-demibold-webfont.svg] to the cache for web application [/CleanseCar_com] because there was insufficient free space available after evicting expired cache entries - consider increasing the maximum size of the cache
10-Apr-2021 16:55:22.905 WARNING [Catalina-utility-1] org.apache.catalina.webresources.Cache.getResource Unable to add the resource at [/WEB-INF/classes/static/assets/fonts/Linearicons-Freed41d.eot] to the cache for web application [/CleanseCar_com] because there was insufficient free space available after evicting expired cache entries - consider increasing the maximum size of the cache
10-Apr-2021 16:55:22.906 WARNING [Catalina-utility-1] org.apache.catalina.webresources.Cache.getResource Unable to add the resource at [/WEB-INF/classes/static/assets/fonts/Montserrat-SemiBold.ttf] to the cache for web application [/CleanseCar_com] because there was insufficient free space available after evicting expired cache entries - consider increasing the maximum size of the cache
10-Apr-2021 16:55:22.906 WARNING [Catalina-utility-1] org.apache.catalina.webresources.Cache.getResource Unable to add the resource at [/WEB-INF/classes/static/assets/fonts/oswald-extralight-webfont.svg] to the cache for web application [/CleanseCar_com] because there was insufficient free space available after evicting expired cache entries - consider increasing the maximum size of the cache
10-Apr-2021 16:55:22.906 WARNING [Catalina-utility-1] org.apache.catalina.webresources.Cache.getResource Unable to add the resource at [/WEB-INF/classes/static/assets/fonts/Montserrat-ExtraLightItalic.ttf] to the cache for web application [/CleanseCar_com] because there was insufficient free space available after evicting expired cache entries - consider increasing the maximum size of the cache
10-Apr-2021 16:55:22.907 WARNING [Catalina-utility-1] org.apache.catalina.webresources.Cache.getResource Unable to add the resource at [/WEB-INF/classes/static/assets/fonts/oswald-medium-webfont.ttf] to the cache for web application [/CleanseCar_com] because there was insufficient free space available after evicting expired cache entries - consider increasing the maximum size of the cache
10-Apr-2021 16:55:22.907 WARNING [Catalina-utility-1] org.apache.catalina.webresources.Cache.getResource Unable to add the resource at [/WEB-INF/classes/static/assets/fonts/oswald-bold-webfont.svg] to the cache for web application [/CleanseCar_com] because there was insufficient free space available after evicting expired cache entries - consider increasing the maximum size of the cache
10-Apr-2021 16:55:22.908 WARNING [Catalina-utility-1] org.apache.catalina.webresources.Cache.getResource Unable to add the resource at [/WEB-INF/classes/static/assets/fonts/Montserrat-ExtraBold.ttf] to the cache for web application [/CleanseCar_com] because there was insufficient free space available after evicting expired cache entries - consider increasing the maximum size of the cache
10-Apr-2021 16:55:22.909 WARNING [Catalina-utility-1] org.apache.catalina.webresources.Cache.getResource Unable to add the resource at [/WEB-INF/classes/static/assets/fonts/oswald-extralight-webfont.woff2] to the cache for web application [/CleanseCar_com] because there was insufficient free space available after evicting expired cache entries - consider increasing the maximum size of the cache
10-Apr-2021 16:55:22.909 WARNING [Catalina-utility-1] org.apache.catalina.webresources.Cache.getResource Unable to add the resource at [/WEB-INF/classes/static/assets/fonts/Simple-Line-Iconsb26c.woff] to the cache for web application [/CleanseCar_com] because there was insufficient free space available after evicting expired cache entries - consider increasing the maximum size of the cache
10-Apr-2021 16:55:22.910 WARNING [Catalina-utility-1] org.apache.catalina.webresources.Cache.getResource Unable to add the resource at [/WEB-INF/classes/static/assets/fonts/oswald-medium-webfont.woff2] to the cache for web application [/CleanseCar_com] because there was insufficient free space available after evicting expired cache entries - consider increasing the maximum size of the cache
10-Apr-2021 16:55:22.911 WARNING [Catalina-utility-1] org.apache.catalina.webresources.Cache.getResource Unable to add the resource at [/WEB-INF/classes/static/assets/fonts/fontawesome-webfont3e6e.woff] to the cache for web application [/CleanseCar_com] because there was insufficient free space available after evicting expired cache entries - consider increasing the maximum size of the cache
10-Apr-2021 16:55:22.911 WARNING [Catalina-utility-1] org.apache.catalina.webresources.Cache.getResource Unable to add the resource at [/WEB-INF/classes/static/assets/fonts/Montserrat-Black.ttf] to the cache for web application [/CleanseCar_com] because there was insufficient free space available after evicting expired cache entries - consider increasing the maximum size of the cache
10-Apr-2021 16:55:22.912 WARNING [Catalina-utility-1] org.apache.catalina.webresources.Cache.getResource Unable to add the resource at [/WEB-INF/classes/static/assets/fonts/Montserrat-Regular.ttf] to the cache for web application [/CleanseCar_com] because there was insufficient free space available after evicting expired cache entries - consider increasing the maximum size of the cache
10-Apr-2021 16:55:22.912 WARNING [Catalina-utility-1] org.apache.catalina.webresources.Cache.getResource Unable to add the resource at [/WEB-INF/classes/static/assets/fonts/Montserrat-Italic.ttf] to the cache for web application [/CleanseCar_com] because there was insufficient free space available after evicting expired cache entries - consider increasing the maximum size of the cache
10-Apr-2021 16:55:22.913 WARNING [Catalina-utility-1] org.apache.catalina.webresources.Cache.getResource Unable to add the resource at [/WEB-INF/classes/static/assets/fonts/Simple-Line-Iconsb26c.svg] to the cache for web application [/CleanseCar_com] because there was insufficient free space available after evicting expired cache entries - consider increasing the maximum size of the cache
10-Apr-2021 16:55:22.913 WARNING [Catalina-utility-1] org.apache.catalina.webresources.Cache.getResource Unable to add the resource at [/WEB-INF/classes/static/assets/fonts/oswald-bold-webfont.woff2] to the cache for web application [/CleanseCar_com] because there was insufficient free space available after evicting expired cache entries - consider increasing the maximum size of the cache
10-Apr-2021 16:55:22.914 WARNING [Catalina-utility-1] org.apache.catalina.webresources.Cache.getResource Unable to add the resource at [/WEB-INF/classes/static/assets/fonts/oswald-demibold-webfontd41d.eot] to the cache for web application [/CleanseCar_com] because there was insufficient free space available after evicting expired cache entries - consider increasing the maximum size of the cache
10-Apr-2021 16:55:22.915 WARNING [Catalina-utility-1] org.apache.catalina.webresources.Cache.getResource Unable to add the resource at [/WEB-INF/classes/static/assets/fonts/Simple-Line-Iconsb26c.woff2] to the cache for web application [/CleanseCar_com] because there was insufficient free space available after evicting expired cache entries - consider increasing the maximum size of the cache
10-Apr-2021 16:55:22.916 WARNING [Catalina-utility-1] org.apache.catalina.webresources.Cache.getResource Unable to add the resource at [/WEB-INF/classes/static/assets/fonts/fontawesome-webfont3e6e.svg] to the cache for web application [/CleanseCar_com] because there was insufficient free space available after evicting expired cache entries - consider increasing the maximum size of the cache
10-Apr-2021 16:55:22.916 WARNING [Catalina-utility-1] org.apache.catalina.webresources.Cache.getResource Unable to add the resource at [/WEB-INF/classes/static/assets/fonts/Linearicons-Free54e9.woff] to the cache for web application [/CleanseCar_com] because there was insufficient free space available after evicting expired cache entries - consider increasing the maximum size of the cache
10-Apr-2021 16:55:22.917 WARNING [Catalina-utility-1] org.apache.catalina.webresources.Cache.getResource Unable to add the resource at [/WEB-INF/classes/static/assets/fonts/oswald-medium-webfont.eot] to the cache for web application [/CleanseCar_com] because there was insufficient free space available after evicting expired cache entries - consider increasing the maximum size of the cache
10-Apr-2021 16:55:22.917 WARNING [Catalina-utility-1] org.apache.catalina.webresources.Cache.getResource Unable to add the resource at [/WEB-INF/classes/static/assets/fonts/Linearicons-Free54e9.svg] to the cache for web application [/CleanseCar_com] because there was insufficient free space available after evicting expired cache entries - consider increasing the maximum size of the cache
10-Apr-2021 16:55:22.918 WARNING [Catalina-utility-1] org.apache.catalina.webresources.Cache.getResource Unable to add the resource at [/WEB-INF/classes/static/assets/fonts/fontawesome-webfont3e6e.woff2] to the cache for web application [/CleanseCar_com] because there was insufficient free space available after evicting expired cache entries - consider increasing the maximum size of the cache
10-Apr-2021 16:55:22.918 WARNING [Catalina-utility-1] org.apache.catalina.webresources.Cache.getResource Unable to add the resource at [/WEB-INF/classes/static/assets/fonts/Montserrat-SemiBoldItalic.ttf] to the cache for web application [/CleanseCar_com] because there was insufficient free space available after evicting expired cache entries - consider increasing the maximum size of the cache
10-Apr-2021 16:55:22.919 WARNING [Catalina-utility-1] org.apache.catalina.webresources.Cache.getResource Unable to add the resource at [/WEB-INF/classes/static/assets/fonts/Montserrat-ExtraBoldItalic.ttf] to the cache for web application [/CleanseCar_com] because there was insufficient free space available after evicting expired cache entries - consider increasing the maximum size of the cache
10-Apr-2021 16:55:22.923 WARNING [Catalina-utility-1] org.apache.catalina.webresources.Cache.getResource Unable to add the resource at [/WEB-INF/classes/templates/webpages/index.html] to the cache for web application [/CleanseCar_com] because there was insufficient free space available after evicting expired cache entries - consider increasing the maximum size of the cache
10-Apr-2021 16:55:22.924 WARNING [Catalina-utility-1] org.apache.catalina.webresources.Cache.getResource Unable to add the resource at [/WEB-INF/classes/templates/webpages/fbRequestsForm.html] to the cache for web application [/CleanseCar_com] because there was insufficient free space available after evicting expired cache entries - consider increasing the maximum size of the cache
10-Apr-2021 16:55:34.454 INFO [Catalina-utility-1] org.apache.jasper.servlet.TldScanner.scanJars At least one JAR was scanned for TLDs yet contained no TLDs. Enable debug logging for this logger for a complete list of JARs that were scanned but no TLDs were found in them. Skipping unneeded JARs during scanning can improve startup time and JSP compilation time.
10-Apr-2021 16:55:34.502 INFO [http-nio-8080-exec-1] org.apache.catalina.util.LifecycleBase.start The start() method was called on component [StandardEngine[Catalina].StandardHost[localhost].StandardContext[/CleanseCar_com]] after start() had already been called. The second call will be ignored.
10-Apr-2021 16:55:34.502 INFO [Catalina-utility-1] org.apache.catalina.startup.HostConfig.deployWAR Deployment of web application archive [/Users/manojpolu/Desktop/myrepo/apache-tomcat-10.0.5/webapps/CleanseCar_com.war] has finished in [14,847] ms
10-Apr-2021 17:21:21.003 INFO [http-nio-8080-exec-13] org.apache.catalina.startup.HostConfig.undeploy Undeploying context [/CleanseCar_com]
10-Apr-2021 18:18:15.617 INFO [main] org.apache.catalina.core.StandardServer.await A valid shutdown command was received via the shutdown port. Stopping the Server instance.
10-Apr-2021 18:18:15.711 INFO [main] org.apache.coyote.AbstractProtocol.pause Pausing ProtocolHandler ["http-nio-8080"]
10-Apr-2021 18:18:15.948 INFO [main] org.apache.catalina.core.StandardService.stopInternal Stopping service [Catalina]
10-Apr-2021 18:18:16.358 INFO [main] org.apache.coyote.AbstractProtocol.stop Stopping ProtocolHandler ["http-nio-8080"]
10-Apr-2021 18:18:16.454 INFO [main] org.apache.coyote.AbstractProtocol.destroy Destroying ProtocolHandler ["http-nio-8080"]
